The system is: Linux - 5.8.0-50-generic - x86_64
Compiling the CXX compiler identification source file "CMakeCXXCompilerId.cpp" succeeded.
Compiler: /snap/flutter/current/usr/bin/clang++ 
Build flags: 
Id flags: -c 

The output was:
0


Compilation of the CXX compiler identification source "CMakeCXXCompilerId.cpp" produced "CMakeCXXCompilerId.o"

The CXX compiler identification is Clang, found in "/home/kchristm/dev/pm_world_clock/build/linux/debug/CMakeFiles/3.10.2/CompilerIdCXX/CMakeCXXCompilerId.o"

Compiling the CXX compiler identification source file "CMakeCXXCompilerId.cpp" succeeded.
Compiler: /snap/flutter/current/usr/bin/clang++ 
Build flags: 
Id flags: -c 

The output was:
0


Compilation of the CXX compiler identification source "CMakeCXXCompilerId.cpp" produced "CMakeCXXCompilerId.o"

The CXX compiler identification is Clang, found in "/home/kchristm/dev/pm_world_clock/build/linux/debug/CMakeFiles/3.10.2/CompilerIdCXX/CMakeCXXCompilerId.o"

Compiling the CXX compiler identification source file "CMakeCXXCompilerId.cpp" succeeded.
Compiler: /snap/flutter/current/usr/bin/clang++ 
Build flags: 
Id flags: -c 

The output was:
0


Compilation of the CXX compiler identification source "CMakeCXXCompilerId.cpp" produced "CMakeCXXCompilerId.o"

The CXX compiler identification is Clang, found in "/home/kchristm/dev/pm_world_clock/build/linux/debug/CMakeFiles/3.10.2/CompilerIdCXX/CMakeCXXCompilerId.o"

